<?xml version="1.0" encoding="UTF-8"?>
<!-- Generated by org.testng.reporters.JUnitXMLReporter -->
<testsuite ignored="0" hostname="Shagu" failures="0" tests="5" name="Default test" time="14.395" errors="0" timestamp="2022-03-17T13:27:14 GMT-04:00">
  <testcase classname="Hello.Login" name="checkwithWrongValues" time="0.876"/>
  <testcase classname="Hello.Login" name="checkwithCorrectValues" time="0.97"/>
  <testcase classname="Hello.Login" name="registerapatient" time="1.418"/>
  <testcase classname="Hello.Login" name="name" time="7.606"/>
  <testcase classname="Hello.Login" name="logout" time="0.599"/>
</testsuite> <!-- Default test -->
